# JRE version: Java(TM) SE Runtime Environment (17.0.6+9) (build 17.0.6+9-LTS-190)
# Java VM: Java HotSpot(TM) 64-Bit Server VM (17.0.6+9-LTS-190, mixed mode, sharing, tiered, compressed oops, compressed class ptrs, g1 gc, windows-amd64)
GC Precious Log:
 CPUs: 4 total, 4 available
 Memory: 7834M
 Large Page Support: Disabled
 NUMA Support: Disabled
 Compressed Oops: Enabled (Zero based)
 Heap Region Size: 2M
 Heap Min Capacity: 8M
 Heap Initial Capacity: 124M
 Heap Max Capacity: 4G
 Pre-touch: Disabled
 Parallel Workers: 4
 Concurrent Workers: 1
 Concurrent Refinement Workers: 4
 Periodic GC: Disabled
Heap:
 garbage-first heap   total 245760K, used 133443K [0x0000000700000000, 0x0000000800000000)
  region size 2048K, 4 young (8192K), 4 survivors (8192K)
 Metaspace       used 88636K, committed 89920K, reserved 1130496K
  class space    used 11066K, committed 11712K, reserved 1048576K
GC Heap History (20 events):
Event: 26418.678 GC heap after
{Heap after GC invocations=509 (full 32):
 garbage-first heap   total 2418688K, used 721198K [0x0000000700000000, 0x0000000800000000)
  region size 2048K, 6 young (12288K), 6 survivors (12288K)
 Metaspace       used 86457K, committed 88064K, reserved 1130496K
  class space    used 10793K, committed 11520K, reserved 1048576K
}
Event: 26419.043 GC heap before
{Heap before GC invocations=509 (full 32):
 garbage-first heap   total 2418688K, used 829742K [0x0000000700000000, 0x0000000800000000)
  region size 2048K, 59 young (120832K), 6 survivors (12288K)
 Metaspace       used 86457K, committed 88064K, reserved 1130496K
  class space    used 10793K, committed 11520K, reserved 1048576K
}
Event: 26419.086 GC heap after
{Heap after GC invocations=510 (full 32):
 garbage-first heap   total 2418688K, used 725065K [0x0000000700000000, 0x0000000800000000)
  region size 2048K, 6 young (12288K), 6 survivors (12288K)
 Metaspace       used 86457K, committed 88064K, reserved 1130496K
  class space    used 10793K, committed 11520K, reserved 1048576K
}
Event: 26419.342 GC heap before
{Heap before GC invocations=510 (full 32):
 garbage-first heap   total 2418688K, used 774217K [0x0000000700000000, 0x0000000800000000)
  region size 2048K, 31 young (63488K), 6 survivors (12288K)
 Metaspace       used 86469K, committed 88064K, reserved 1130496K
  class space    used 10793K, committed 11520K, reserved 1048576K
}
Event: 26419.449 GC heap after
{Heap after GC invocations=511 (full 33):
 garbage-first heap   total 245760K, used 66653K [0x0000000700000000, 0x0000000800000000)
  region size 2048K, 0 young (0K), 0 survivors (0K)
 Metaspace       used 86469K, committed 88064K, reserved 1130496K
  class space    used 10793K, committed 11520K, reserved 1048576K
}
Event: 26646.606 GC heap before
{Heap before GC invocations=511 (full 33):
 garbage-first heap   total 245760K, used 109661K [0x0000000700000000, 0x0000000800000000)
  region size 2048K, 22 young (45056K), 0 survivors (0K)
 Metaspace       used 86485K, committed 88064K, reserved 1130496K
  class space    used 10795K, committed 11520K, reserved 1048576K
}
Event: 26646.639 GC heap after
{Heap after GC invocations=512 (full 33):
 garbage-first heap   total 245760K, used 70749K [0x0000000700000000, 0x0000000800000000)
  region size 2048K, 2 young (4096K), 2 survivors (4096K)
 Metaspace       used 86485K, committed 88064K, reserved 1130496K
  class space    used 10795K, committed 11520K, reserved 1048576K
}
Event: 26646.881 GC heap before
{Heap before GC invocations=512 (full 33):
 garbage-first heap   total 245760K, used 83037K [0x0000000700000000, 0x0000000800000000)
  region size 2048K, 6 young (12288K), 2 survivors (4096K)
 Metaspace       used 86486K, committed 88064K, reserved 1130496K
  class space    used 10795K, committed 11520K, reserved 1048576K
}
Event: 26646.891 GC heap after
{Heap after GC invocations=513 (full 33):
 garbage-first heap   total 245760K, used 74367K [0x0000000700000000, 0x0000000800000000)
  region size 2048K, 1 young (2048K), 1 survivors (2048K)
 Metaspace       used 86486K, committed 88064K, reserved 1130496K
  class space    used 10795K, committed 11520K, reserved 1048576K
}
Event: 26647.699 GC heap before
{Heap before GC invocations=514 (full 33):
 garbage-first heap   total 245760K, used 82559K [0x0000000700000000, 0x0000000800000000)
  region size 2048K, 6 young (12288K), 1 survivors (2048K)
 Metaspace       used 86488K, committed 88064K, reserved 1130496K
  class space    used 10795K, committed 11520K, reserved 1048576K
}
Event: 26647.817 GC heap after
{Heap after GC invocations=515 (full 34):
 garbage-first heap   total 245760K, used 69955K [0x0000000700000000, 0x0000000800000000)
  region size 2048K, 0 young (0K), 0 survivors (0K)
 Metaspace       used 86488K, committed 88064K, reserved 1130496K
  class space    used 10795K, committed 11520K, reserved 1048576K
}
Event: 26649.060 GC heap before
{Heap before GC invocations=515 (full 34):
 garbage-first heap   total 245760K, used 102723K [0x0000000700000000, 0x0000000800000000)
  region size 2048K, 18 young (36864K), 0 survivors (0K)
 Metaspace       used 86536K, committed 88064K, reserved 1130496K
  class space    used 10797K, committed 11520K, reserved 1048576K
}
Event: 26649.069 GC heap after
{Heap after GC invocations=516 (full 34):
 garbage-first heap   total 245760K, used 76962K [0x0000000700000000, 0x0000000800000000)
  region size 2048K, 4 young (8192K), 4 survivors (8192K)
 Metaspace       used 86536K, committed 88064K, reserved 1130496K
  class space    used 10797K, committed 11520K, reserved 1048576K
}
Event: 26649.635 GC heap before
{Heap before GC invocations=517 (full 34):
 garbage-first heap   total 245760K, used 97442K [0x0000000700000000, 0x0000000800000000)
  region size 2048K, 17 young (34816K), 4 survivors (8192K)
 Metaspace       used 86551K, committed 88064K, reserved 1130496K
  class space    used 10798K, committed 11520K, reserved 1048576K
}
Event: 26649.650 GC heap after
{Heap after GC invocations=518 (full 34):
 garbage-first heap   total 245760K, used 82899K [0x0000000700000000, 0x0000000800000000)
  region size 2048K, 4 young (8192K), 4 survivors (8192K)
 Metaspace       used 86551K, committed 88064K, reserved 1130496K
  class space    used 10798K, committed 11520K, reserved 1048576K
}
Event: 26650.039 GC heap before
{Heap before GC invocations=519 (full 34):
 garbage-first heap   total 245760K, used 97235K [0x0000000700000000, 0x0000000800000000)
  region size 2048K, 11 young (22528K), 4 survivors (8192K)
 Metaspace       used 86551K, committed 88064K, reserved 1130496K
  class space    used 10798K, committed 11520K, reserved 1048576K
}
Event: 26650.054 GC heap after
{Heap after GC invocations=520 (full 34):
 garbage-first heap   total 245760K, used 89978K [0x0000000700000000, 0x0000000800000000)
  region size 2048K, 3 young (6144K), 3 survivors (6144K)
 Metaspace       used 86551K, committed 88064K, reserved 1130496K
  class space    used 10798K, committed 11520K, reserved 1048576K
}
Event: 26650.436 GC heap before
{Heap before GC invocations=521 (full 34):
 garbage-first heap   total 245760K, used 143226K [0x0000000700000000, 0x0000000800000000)
  region size 2048K, 28 young (57344K), 3 survivors (6144K)
 Metaspace       used 86551K, committed 88064K, reserved 1130496K
  class space    used 10798K, committed 11520K, reserved 1048576K
}
Event: 26650.469 GC heap after
{Heap after GC invocations=522 (full 34):
 garbage-first heap   total 245760K, used 107376K [0x0000000700000000, 0x0000000800000000)
  region size 2048K, 4 young (8192K), 4 survivors (8192K)
 Metaspace       used 86551K, committed 88064K, reserved 1130496K
  class space    used 10798K, committed 11520K, reserved 1048576K
}
Event: 26651.268 GC heap before
{Heap before GC invocations=522 (full 34):
 garbage-first heap   total 245760K, used 156528K [0x0000000700000000, 0x0000000800000000)
  region size 2048K, 28 young (57344K), 4 survivors (8192K)
 Metaspace       used 88636K, committed 89920K, reserved 1130496K
  class space    used 11066K, committed 11712K, reserved 1048576K
}

